<?xml version="1.0" encoding="UTF-8"?>
<!-- Generated by org.testng.reporters.JUnitReportReporter -->
<testsuite hostname="LAPTOP-CGEM5K0R" failures="0" tests="1" name="com.testscript.automationtest.AmazonNavigationToBuyNow" time="41.174" errors="0" timestamp="5 May 2021 18:58:09 GMT">
  <testcase classname="com.testscript.automationtest.AmazonNavigationToBuyNow" name="amazonSearchTest" time="41.174"/>
</testsuite> <!-- com.testscript.automationtest.AmazonNavigationToBuyNow -->
