<?xml version="1.0" encoding="UTF-8"?>
<!-- Generated by org.testng.reporters.JUnitReportReporter -->
<testsuite hostname="LAPTOP-CGEM5K0R" failures="0" tests="2" name="com.testscript.automationtest.AmazonSearchTest" time="52.224" errors="0" timestamp="5 May 2021 18:48:30 GMT">
  <testcase classname="com.testscript.automationtest.AmazonSearchTest" name="amazonSearchTest1" time="38.045"/>
  <testcase classname="com.testscript.automationtest.AmazonSearchTest" name="amazonSearchTest2" time="14.179"/>
</testsuite> <!-- com.testscript.automationtest.AmazonSearchTest -->
