<?xml version="1.0" encoding="UTF-8"?>
<!-- Generated by org.testng.reporters.JUnitReportReporter -->
<testsuite hostname="LAPTOP-CGEM5K0R" failures="0" tests="1" name="com.testscript.automationtest.AmazonSortByFeatureTest" time="19.186" errors="0" timestamp="5 May 2021 19:17:33 GMT">
  <testcase classname="com.testscript.automationtest.AmazonSortByFeatureTest" name="amazonValidateElement1" time="19.186"/>
</testsuite> <!-- com.testscript.automationtest.AmazonSortByFeatureTest -->
