<?xml version="1.0" encoding="UTF-8"?>
<!-- Generated by org.testng.reporters.JUnitReportReporter -->
<testsuite hostname="LAPTOP-CGEM5K0R" failures="0" tests="1" name="com.testscript.automationtest.AmazonBackToTopFeatureTest" time="14.465" errors="0" timestamp="5 May 2021 19:09:11 GMT">
  <testcase classname="com.testscript.automationtest.AmazonBackToTopFeatureTest" name="amazonValidateBackToTopButton" time="14.465"/>
</testsuite> <!-- com.testscript.automationtest.AmazonBackToTopFeatureTest -->
